Exception in thread Thread-1:
Traceback (most recent call last):
  File "/usr/lib/python3.10/threading.py", line 1016, in _bootstrap_inner
Traceback (most recent call last):
      File "/home/seo_k/PP/kindergarten/env/lib/python3.10/site-packages/redis/connection.py", line 699, in connect
self.run()
  File "/home/seo_k/PP/kindergarten/env/lib/python3.10/site-packages/redis/client.py", line 1799, in run
    sock = self.retry.call_with_retry(
  File "/home/seo_k/PP/kindergarten/env/lib/python3.10/site-packages/redis/retry.py", line 46, in call_with_retry
    return do()
      File "/home/seo_k/PP/kindergarten/env/lib/python3.10/site-packages/redis/connection.py", line 700, in <lambda>
pubsub.get_message(ignore_subscribe_messages=True, timeout=sleep_time)
  File "/home/seo_k/PP/kindergarten/env/lib/python3.10/site-packages/redis/client.py", line 1690, in get_message
    lambda: self._connect(), lambda error: self.disconnect(error)
  File "/home/seo_k/PP/kindergarten/env/lib/python3.10/site-packages/redis/connection.py", line 1002, in _connect
    response = self.parse_response(block=(timeout is None), timeout=timeout)
  File "/home/seo_k/PP/kindergarten/env/lib/python3.10/site-packages/redis/client.py", line 1542, in parse_response
    raise err
  File "/home/seo_k/PP/kindergarten/env/lib/python3.10/site-packages/redis/connection.py", line 990, in _connect
        response = self._execute(conn, try_read)sock.connect(socket_address)
  File "/home/seo_k/PP/kindergarten/env/lib/python3.10/site-packages/redis/client.py", line 1518, in _execute

ConnectionRefusedError: [Errno 111] Connection refused
    return conn.retry.call_with_retry(
During handling of the above exception, another exception occurred:

Traceback (most recent call last):
  File "/usr/lib/python3.10/runpy.py", line 196, in _run_module_as_main

  File "/home/seo_k/PP/kindergarten/env/lib/python3.10/site-packages/redis/retry.py", line 49, in call_with_retry
    return _run_code(code, main_globals, None,    
  File "/usr/lib/python3.10/runpy.py", line 86, in _run_code
fail(error)
  File "/home/seo_k/PP/kindergarten/env/lib/python3.10/site-packages/redis/client.py", line 1520, in <lambda>
    exec(code, run_globals)
  File "/home/seo_k/PP/kindergarten/apps/frappe/frappe/utils/bench_helper.py", line 114, in <module>
        lambda error: self._disconnect_raise_connect(conn, error),main()

  File "/home/seo_k/PP/kindergarten/apps/frappe/frappe/utils/bench_helper.py", line 20, in main
  File "/home/seo_k/PP/kindergarten/env/lib/python3.10/site-packages/redis/client.py", line 1507, in _disconnect_raise_connect
    click.Group(commands=commands)(prog_name="bench")
  File "/home/seo_k/PP/kindergarten/env/lib/python3.10/site-packages/click/core.py", line 1442, in __call__
    raise error
  File "/home/seo_k/PP/kindergarten/env/lib/python3.10/site-packages/redis/retry.py", line 46, in call_with_retry
    return do()
  File "/home/seo_k/PP/kindergarten/env/lib/python3.10/site-packages/redis/client.py", line 1519, in <lambda>
    return self.main(*args, **kwargs)
  File "/home/seo_k/PP/kindergarten/env/lib/python3.10/site-packages/click/core.py", line 1363, in main
    lambda: command(*args, **kwargs),
    rv = self.invoke(ctx)  File "/home/seo_k/PP/kindergarten/env/lib/python3.10/site-packages/redis/client.py", line 1536, in try_read

  File "/home/seo_k/PP/kindergarten/env/lib/python3.10/site-packages/click/core.py", line 1830, in invoke
    if not conn.can_read(timeout=timeout):
  File "/home/seo_k/PP/kindergarten/env/lib/python3.10/site-packages/redis/connection.py", line 861, in can_read
        return _process_result(sub_ctx.command.invoke(sub_ctx))
  File "/home/seo_k/PP/kindergarten/env/lib/python3.10/site-packages/click/core.py", line 1830, in invoke
return self._parser.can_read(timeout)
  File "/home/seo_k/PP/kindergarten/env/lib/python3.10/site-packages/redis/connection.py", line 444, in can_read
    return _process_result(sub_ctx.command.invoke(sub_ctx))    
  File "/home/seo_k/PP/kindergarten/env/lib/python3.10/site-packages/click/core.py", line 1226, in invoke
return self.read_from_socket(timeout=timeout, raise_on_timeout=False)
  File "/home/seo_k/PP/kindergarten/env/lib/python3.10/site-packages/redis/connection.py", line 455, in read_from_socket
    return ctx.invoke(self.callback, **ctx.params)    
  File "/home/seo_k/PP/kindergarten/env/lib/python3.10/site-packages/click/core.py", line 794, in invoke
raise ConnectionError(SERVER_CLOSED_CONNECTION_ERROR)
redis.exceptions.ConnectionError: Connection closed by server.    
return callback(*args, **kwargs)
  File "/home/seo_k/PP/kindergarten/apps/frappe/frappe/commands/scheduler.py", line 205, in start_worker
    start_worker(
  File "/home/seo_k/PP/kindergarten/apps/frappe/frappe/utils/background_jobs.py", line 321, in start_worker
    worker.work(
  File "/home/seo_k/PP/kindergarten/env/lib/python3.10/site-packages/rq/worker.py", line 456, in work
    self.teardown()
  File "/home/seo_k/PP/kindergarten/env/lib/python3.10/site-packages/rq/worker.py", line 1046, in teardown
    self.register_death()
  File "/home/seo_k/PP/kindergarten/env/lib/python3.10/site-packages/rq/worker.py", line 832, in register_death
    p.execute()
  File "/home/seo_k/PP/kindergarten/env/lib/python3.10/site-packages/redis/client.py", line 2114, in execute
    conn = self.connection_pool.get_connection("MULTI", self.shard_hint)
  File "/home/seo_k/PP/kindergarten/env/lib/python3.10/site-packages/redis/connection.py", line 1457, in get_connection
    connection.connect()
  File "/home/seo_k/PP/kindergarten/env/lib/python3.10/site-packages/redis/connection.py", line 705, in connect
    raise ConnectionError(self._error_message(e))
redis.exceptions.ConnectionError: Error 111 connecting to 127.0.0.1:11000. Connection refused.
Exception in thread Thread-1:
Traceback (most recent call last):
  File "/usr/lib/python3.10/threading.py", line 1016, in _bootstrap_inner
    self.run()
  File "/home/seo_k/PP/kindergarten/env/lib/python3.10/site-packages/redis/client.py", line 1799, in run
    pubsub.get_message(ignore_subscribe_messages=True, timeout=sleep_time)
  File "/home/seo_k/PP/kindergarten/env/lib/python3.10/site-packages/redis/client.py", line 1690, in get_message
    response = self.parse_response(block=(timeout is None), timeout=timeout)
  File "/home/seo_k/PP/kindergarten/env/lib/python3.10/site-packages/redis/client.py", line 1542, in parse_response
    response = self._execute(conn, try_read)
  File "/home/seo_k/PP/kindergarten/env/lib/python3.10/site-packages/redis/client.py", line 1518, in _execute
    return conn.retry.call_with_retry(
  File "/home/seo_k/PP/kindergarten/env/lib/python3.10/site-packages/redis/retry.py", line 49, in call_with_retry
    fail(error)
  File "/home/seo_k/PP/kindergarten/env/lib/python3.10/site-packages/redis/client.py", line 1520, in <lambda>
    lambda error: self._disconnect_raise_connect(conn, error),
  File "/home/seo_k/PP/kindergarten/env/lib/python3.10/site-packages/redis/client.py", line 1507, in _disconnect_raise_connect
    raise error
  File "/home/seo_k/PP/kindergarten/env/lib/python3.10/site-packages/redis/retry.py", line 46, in call_with_retry
    return do()
  File "/home/seo_k/PP/kindergarten/env/lib/python3.10/site-packages/redis/client.py", line 1519, in <lambda>
    lambda: command(*args, **kwargs),
  File "/home/seo_k/PP/kindergarten/env/lib/python3.10/site-packages/redis/client.py", line 1536, in try_read
    if not conn.can_read(timeout=timeout):
  File "/home/seo_k/PP/kindergarten/env/lib/python3.10/site-packages/redis/connection.py", line 861, in can_read
    return self._parser.can_read(timeout)
  File "/home/seo_k/PP/kindergarten/env/lib/python3.10/site-packages/redis/connection.py", line 444, in can_read
    return self.read_from_socket(timeout=timeout, raise_on_timeout=False)
  File "/home/seo_k/PP/kindergarten/env/lib/python3.10/site-packages/redis/connection.py", line 455, in read_from_socket
    raise ConnectionError(SERVER_CLOSED_CONNECTION_ERROR)
redis.exceptions.ConnectionError: Connection closed by server.
Traceback (most recent call last):
  File "/home/seo_k/PP/kindergarten/env/lib/python3.10/site-packages/redis/connection.py", line 699, in connect
    sock = self.retry.call_with_retry(
  File "/home/seo_k/PP/kindergarten/env/lib/python3.10/site-packages/redis/retry.py", line 46, in call_with_retry
    return do()
  File "/home/seo_k/PP/kindergarten/env/lib/python3.10/site-packages/redis/connection.py", line 700, in <lambda>
    lambda: self._connect(), lambda error: self.disconnect(error)
  File "/home/seo_k/PP/kindergarten/env/lib/python3.10/site-packages/redis/connection.py", line 1002, in _connect
    raise err
  File "/home/seo_k/PP/kindergarten/env/lib/python3.10/site-packages/redis/connection.py", line 990, in _connect
    sock.connect(socket_address)
ConnectionRefusedError: [Errno 111] Connection refused

During handling of the above exception, another exception occurred:

Traceback (most recent call last):
  File "/usr/lib/python3.10/runpy.py", line 196, in _run_module_as_main
    return _run_code(code, main_globals, None,
  File "/usr/lib/python3.10/runpy.py", line 86, in _run_code
    exec(code, run_globals)
  File "/home/seo_k/PP/kindergarten/apps/frappe/frappe/utils/bench_helper.py", line 114, in <module>
    main()
  File "/home/seo_k/PP/kindergarten/apps/frappe/frappe/utils/bench_helper.py", line 20, in main
    click.Group(commands=commands)(prog_name="bench")
  File "/home/seo_k/PP/kindergarten/env/lib/python3.10/site-packages/click/core.py", line 1442, in __call__
    return self.main(*args, **kwargs)
  File "/home/seo_k/PP/kindergarten/env/lib/python3.10/site-packages/click/core.py", line 1363, in main
    rv = self.invoke(ctx)
  File "/home/seo_k/PP/kindergarten/env/lib/python3.10/site-packages/click/core.py", line 1830, in invoke
    return _process_result(sub_ctx.command.invoke(sub_ctx))
  File "/home/seo_k/PP/kindergarten/env/lib/python3.10/site-packages/click/core.py", line 1830, in invoke
    return _process_result(sub_ctx.command.invoke(sub_ctx))
  File "/home/seo_k/PP/kindergarten/env/lib/python3.10/site-packages/click/core.py", line 1226, in invoke
    return ctx.invoke(self.callback, **ctx.params)
  File "/home/seo_k/PP/kindergarten/env/lib/python3.10/site-packages/click/core.py", line 794, in invoke
    return callback(*args, **kwargs)
  File "/home/seo_k/PP/kindergarten/apps/frappe/frappe/commands/scheduler.py", line 205, in start_worker
    start_worker(
  File "/home/seo_k/PP/kindergarten/apps/frappe/frappe/utils/background_jobs.py", line 321, in start_worker
    worker.work(
  File "/home/seo_k/PP/kindergarten/env/lib/python3.10/site-packages/rq/worker.py", line 456, in work
    self.teardown()
  File "/home/seo_k/PP/kindergarten/env/lib/python3.10/site-packages/rq/worker.py", line 1047, in teardown
    self.unsubscribe()
  File "/home/seo_k/PP/kindergarten/env/lib/python3.10/site-packages/rq/worker.py", line 624, in unsubscribe
    self.pubsub.unsubscribe()
  File "/home/seo_k/PP/kindergarten/env/lib/python3.10/site-packages/redis/client.py", line 1659, in unsubscribe
    return self.execute_command("UNSUBSCRIBE", *args)
  File "/home/seo_k/PP/kindergarten/env/lib/python3.10/site-packages/redis/client.py", line 1479, in execute_command
    self._execute(connection, connection.send_command, *args, **kwargs)
  File "/home/seo_k/PP/kindergarten/env/lib/python3.10/site-packages/redis/client.py", line 1518, in _execute
    return conn.retry.call_with_retry(
  File "/home/seo_k/PP/kindergarten/env/lib/python3.10/site-packages/redis/retry.py", line 49, in call_with_retry
    fail(error)
  File "/home/seo_k/PP/kindergarten/env/lib/python3.10/site-packages/redis/client.py", line 1520, in <lambda>
    lambda error: self._disconnect_raise_connect(conn, error),
  File "/home/seo_k/PP/kindergarten/env/lib/python3.10/site-packages/redis/client.py", line 1507, in _disconnect_raise_connect
    raise error
  File "/home/seo_k/PP/kindergarten/env/lib/python3.10/site-packages/redis/retry.py", line 46, in call_with_retry
    return do()
  File "/home/seo_k/PP/kindergarten/env/lib/python3.10/site-packages/redis/client.py", line 1519, in <lambda>
    lambda: command(*args, **kwargs),
  File "/home/seo_k/PP/kindergarten/env/lib/python3.10/site-packages/redis/connection.py", line 847, in send_command
    self.send_packed_command(
  File "/home/seo_k/PP/kindergarten/env/lib/python3.10/site-packages/redis/connection.py", line 817, in send_packed_command
    self.connect()
  File "/home/seo_k/PP/kindergarten/env/lib/python3.10/site-packages/redis/connection.py", line 705, in connect
    raise ConnectionError(self._error_message(e))
redis.exceptions.ConnectionError: Error 111 connecting to 127.0.0.1:11000. Connection refused.
/home/seo_k/PP/kindergarten/env/lib/python3.10/site-packages/rq/connections.py:58: DeprecationWarning: The `push_connection` function is deprecated. Pass the `connection` explicitly instead.
  warnings.warn(
/home/seo_k/PP/kindergarten/env/lib/python3.10/site-packages/google/api_core/_python_version_support.py:266: FutureWarning: You are using a Python version (3.10.12) which Google will stop supporting in new releases of google.api_core once it reaches its end of life (2026-10-04). Please upgrade to the latest Python version, or at least Python 3.11, to continue receiving updates for google.api_core past that date.
  warnings.warn(message, FutureWarning)
/home/seo_k/PP/kindergarten/env/lib/python3.10/site-packages/httplib2/auth.py:19: DeprecationWarning: 'setName' deprecated - use 'set_name'
  token = pp.Word(tchar).setName("token")
/home/seo_k/PP/kindergarten/env/lib/python3.10/site-packages/httplib2/auth.py:20: DeprecationWarning: 'leaveWhitespace' deprecated - use 'leave_whitespace'
  token68 = pp.Combine(pp.Word("-._~+/" + pp.nums + pp.alphas) + pp.Optional(pp.Word("=").leaveWhitespace())).setName(
/home/seo_k/PP/kindergarten/env/lib/python3.10/site-packages/httplib2/auth.py:20: DeprecationWarning: 'setName' deprecated - use 'set_name'
  token68 = pp.Combine(pp.Word("-._~+/" + pp.nums + pp.alphas) + pp.Optional(pp.Word("=").leaveWhitespace())).setName(
/home/seo_k/PP/kindergarten/env/lib/python3.10/site-packages/httplib2/auth.py:24: DeprecationWarning: 'setName' deprecated - use 'set_name'
  quoted_string = pp.dblQuotedString.copy().setName("quoted-string").setParseAction(unquote)
/home/seo_k/PP/kindergarten/env/lib/python3.10/site-packages/httplib2/auth.py:24: DeprecationWarning: 'setParseAction' deprecated - use 'set_parse_action'
  quoted_string = pp.dblQuotedString.copy().setName("quoted-string").setParseAction(unquote)
/home/seo_k/PP/kindergarten/env/lib/python3.10/site-packages/httplib2/auth.py:25: DeprecationWarning: 'setName' deprecated - use 'set_name'
  auth_param_name = token.copy().setName("auth-param-name").addParseAction(downcaseTokens)
/home/seo_k/PP/kindergarten/env/lib/python3.10/site-packages/httplib2/auth.py:25: DeprecationWarning: 'addParseAction' deprecated - use 'add_parse_action'
  auth_param_name = token.copy().setName("auth-param-name").addParseAction(downcaseTokens)
/home/seo_k/PP/kindergarten/env/lib/python3.10/site-packages/httplib2/auth.py:27: DeprecationWarning: 'delimitedList' deprecated - use 'DelimitedList'
  params = pp.Dict(pp.delimitedList(pp.Group(auth_param)))
/home/seo_k/PP/kindergarten/env/lib/python3.10/site-packages/httplib2/auth.py:33: DeprecationWarning: 'delimitedList' deprecated - use 'DelimitedList'
  www_authenticate = pp.delimitedList(pp.Group(challenge))
/home/seo_k/PP/kindergarten/env/lib/python3.10/site-packages/rq/connections.py:72: DeprecationWarning: The `pop_connection` function is deprecated. Pass the `connection` explicitly instead.
  warnings.warn(
/home/seo_k/PP/kindergarten/env/lib/python3.10/site-packages/rq/connections.py:58: DeprecationWarning: The `push_connection` function is deprecated. Pass the `connection` explicitly instead.
  warnings.warn(
/home/seo_k/PP/kindergarten/env/lib/python3.10/site-packages/rq/connections.py:72: DeprecationWarning: The `pop_connection` function is deprecated. Pass the `connection` explicitly instead.
  warnings.warn(
Exception in thread Thread-1:
Traceback (most recent call last):
  File "/usr/lib/python3.10/threading.py", line 1016, in _bootstrap_inner
    self.run()
  File "/home/seo_k/PP/kindergarten/env/lib/python3.10/site-packages/redis/client.py", line 1799, in run
    pubsub.get_message(ignore_subscribe_messages=True, timeout=sleep_time)
  File "/home/seo_k/PP/kindergarten/env/lib/python3.10/site-packages/redis/client.py", line 1690, in get_message
    response = self.parse_response(block=(timeout is None), timeout=timeout)
  File "/home/seo_k/PP/kindergarten/env/lib/python3.10/site-packages/redis/client.py", line 1542, in parse_response
    response = self._execute(conn, try_read)
  File "/home/seo_k/PP/kindergarten/env/lib/python3.10/site-packages/redis/client.py", line 1518, in _execute
    return conn.retry.call_with_retry(
  File "/home/seo_k/PP/kindergarten/env/lib/python3.10/site-packages/redis/retry.py", line 49, in call_with_retry
    fail(error)
  File "/home/seo_k/PP/kindergarten/env/lib/python3.10/site-packages/redis/client.py", line 1520, in <lambda>
    lambda error: self._disconnect_raise_connect(conn, error),
  File "/home/seo_k/PP/kindergarten/env/lib/python3.10/site-packages/redis/client.py", line 1507, in _disconnect_raise_connect
    raise error
  File "/home/seo_k/PP/kindergarten/env/lib/python3.10/site-packages/redis/retry.py", line 46, in call_with_retry
    return do()
  File "/home/seo_k/PP/kindergarten/env/lib/python3.10/site-packages/redis/client.py", line 1519, in <lambda>
    lambda: command(*args, **kwargs),
  File "/home/seo_k/PP/kindergarten/env/lib/python3.10/site-packages/redis/client.py", line 1536, in try_read
    if not conn.can_read(timeout=timeout):
  File "/home/seo_k/PP/kindergarten/env/lib/python3.10/site-packages/redis/connection.py", line 861, in can_read
    return self._parser.can_read(timeout)
  File "/home/seo_k/PP/kindergarten/env/lib/python3.10/site-packages/redis/connection.py", line 444, in can_read
    return self.read_from_socket(timeout=timeout, raise_on_timeout=False)
  File "/home/seo_k/PP/kindergarten/env/lib/python3.10/site-packages/redis/connection.py", line 455, in read_from_socket
    raise ConnectionError(SERVER_CLOSED_CONNECTION_ERROR)
redis.exceptions.ConnectionError: Connection closed by server.
Traceback (most recent call last):
  File "/home/seo_k/PP/kindergarten/env/lib/python3.10/site-packages/redis/connection.py", line 699, in connect
    sock = self.retry.call_with_retry(
  File "/home/seo_k/PP/kindergarten/env/lib/python3.10/site-packages/redis/retry.py", line 46, in call_with_retry
    return do()
  File "/home/seo_k/PP/kindergarten/env/lib/python3.10/site-packages/redis/connection.py", line 700, in <lambda>
    lambda: self._connect(), lambda error: self.disconnect(error)
  File "/home/seo_k/PP/kindergarten/env/lib/python3.10/site-packages/redis/connection.py", line 1002, in _connect
    raise err
  File "/home/seo_k/PP/kindergarten/env/lib/python3.10/site-packages/redis/connection.py", line 990, in _connect
    sock.connect(socket_address)
ConnectionRefusedError: [Errno 111] Connection refused

During handling of the above exception, another exception occurred:

Traceback (most recent call last):
  File "/usr/lib/python3.10/runpy.py", line 196, in _run_module_as_main
    return _run_code(code, main_globals, None,
  File "/usr/lib/python3.10/runpy.py", line 86, in _run_code
    exec(code, run_globals)
  File "/home/seo_k/PP/kindergarten/apps/frappe/frappe/utils/bench_helper.py", line 114, in <module>
    main()
  File "/home/seo_k/PP/kindergarten/apps/frappe/frappe/utils/bench_helper.py", line 20, in main
    click.Group(commands=commands)(prog_name="bench")
  File "/home/seo_k/PP/kindergarten/env/lib/python3.10/site-packages/click/core.py", line 1442, in __call__
    return self.main(*args, **kwargs)
  File "/home/seo_k/PP/kindergarten/env/lib/python3.10/site-packages/click/core.py", line 1363, in main
    rv = self.invoke(ctx)
  File "/home/seo_k/PP/kindergarten/env/lib/python3.10/site-packages/click/core.py", line 1830, in invoke
    return _process_result(sub_ctx.command.invoke(sub_ctx))
  File "/home/seo_k/PP/kindergarten/env/lib/python3.10/site-packages/click/core.py", line 1830, in invoke
    return _process_result(sub_ctx.command.invoke(sub_ctx))
  File "/home/seo_k/PP/kindergarten/env/lib/python3.10/site-packages/click/core.py", line 1226, in invoke
    return ctx.invoke(self.callback, **ctx.params)
  File "/home/seo_k/PP/kindergarten/env/lib/python3.10/site-packages/click/core.py", line 794, in invoke
    return callback(*args, **kwargs)
  File "/home/seo_k/PP/kindergarten/apps/frappe/frappe/commands/scheduler.py", line 205, in start_worker
    start_worker(
  File "/home/seo_k/PP/kindergarten/apps/frappe/frappe/utils/background_jobs.py", line 321, in start_worker
    worker.work(
  File "/home/seo_k/PP/kindergarten/env/lib/python3.10/site-packages/rq/worker.py", line 456, in work
    self.teardown()
  File "/home/seo_k/PP/kindergarten/env/lib/python3.10/site-packages/rq/worker.py", line 1047, in teardown
    self.unsubscribe()
  File "/home/seo_k/PP/kindergarten/env/lib/python3.10/site-packages/rq/worker.py", line 624, in unsubscribe
    self.pubsub.unsubscribe()
  File "/home/seo_k/PP/kindergarten/env/lib/python3.10/site-packages/redis/client.py", line 1659, in unsubscribe
    return self.execute_command("UNSUBSCRIBE", *args)
  File "/home/seo_k/PP/kindergarten/env/lib/python3.10/site-packages/redis/client.py", line 1479, in execute_command
    self._execute(connection, connection.send_command, *args, **kwargs)
  File "/home/seo_k/PP/kindergarten/env/lib/python3.10/site-packages/redis/client.py", line 1518, in _execute
    return conn.retry.call_with_retry(
  File "/home/seo_k/PP/kindergarten/env/lib/python3.10/site-packages/redis/retry.py", line 49, in call_with_retry
    fail(error)
  File "/home/seo_k/PP/kindergarten/env/lib/python3.10/site-packages/redis/client.py", line 1520, in <lambda>
    lambda error: self._disconnect_raise_connect(conn, error),
  File "/home/seo_k/PP/kindergarten/env/lib/python3.10/site-packages/redis/client.py", line 1507, in _disconnect_raise_connect
    raise error
  File "/home/seo_k/PP/kindergarten/env/lib/python3.10/site-packages/redis/retry.py", line 46, in call_with_retry
    return do()
  File "/home/seo_k/PP/kindergarten/env/lib/python3.10/site-packages/redis/client.py", line 1519, in <lambda>
    lambda: command(*args, **kwargs),
  File "/home/seo_k/PP/kindergarten/env/lib/python3.10/site-packages/redis/connection.py", line 847, in send_command
    self.send_packed_command(
  File "/home/seo_k/PP/kindergarten/env/lib/python3.10/site-packages/redis/connection.py", line 817, in send_packed_command
    self.connect()
  File "/home/seo_k/PP/kindergarten/env/lib/python3.10/site-packages/redis/connection.py", line 705, in connect
    raise ConnectionError(self._error_message(e))
redis.exceptions.ConnectionError: Error 111 connecting to 127.0.0.1:11000. Connection refused.
/home/seo_k/PP/kindergarten/env/lib/python3.10/site-packages/rq/connections.py:58: DeprecationWarning: The `push_connection` function is deprecated. Pass the `connection` explicitly instead.
  warnings.warn(
/home/seo_k/PP/kindergarten/env/lib/python3.10/site-packages/rq/connections.py:72: DeprecationWarning: The `pop_connection` function is deprecated. Pass the `connection` explicitly instead.
  warnings.warn(
/home/seo_k/PP/kindergarten/env/lib/python3.10/site-packages/rq/connections.py:58: DeprecationWarning: The `push_connection` function is deprecated. Pass the `connection` explicitly instead.
  warnings.warn(
/home/seo_k/PP/kindergarten/env/lib/python3.10/site-packages/rq/connections.py:72: DeprecationWarning: The `pop_connection` function is deprecated. Pass the `connection` explicitly instead.
  warnings.warn(
Exception in thread Thread-1:
Traceback (most recent call last):
  File "/usr/lib/python3.10/threading.py", line 1016, in _bootstrap_inner
    self.run()
  File "/home/seo_k/PP/kindergarten/env/lib/python3.10/site-packages/redis/client.py", line 1799, in run
    pubsub.get_message(ignore_subscribe_messages=True, timeout=sleep_time)
  File "/home/seo_k/PP/kindergarten/env/lib/python3.10/site-packages/redis/client.py", line 1690, in get_message
    response = self.parse_response(block=(timeout is None), timeout=timeout)
  File "/home/seo_k/PP/kindergarten/env/lib/python3.10/site-packages/redis/client.py", line 1542, in parse_response
    response = self._execute(conn, try_read)
  File "/home/seo_k/PP/kindergarten/env/lib/python3.10/site-packages/redis/client.py", line 1518, in _execute
    return conn.retry.call_with_retry(
  File "/home/seo_k/PP/kindergarten/env/lib/python3.10/site-packages/redis/retry.py", line 49, in call_with_retry
    fail(error)
  File "/home/seo_k/PP/kindergarten/env/lib/python3.10/site-packages/redis/client.py", line 1520, in <lambda>
    lambda error: self._disconnect_raise_connect(conn, error),
  File "/home/seo_k/PP/kindergarten/env/lib/python3.10/site-packages/redis/client.py", line 1507, in _disconnect_raise_connect
    raise error
  File "/home/seo_k/PP/kindergarten/env/lib/python3.10/site-packages/redis/retry.py", line 46, in call_with_retry
    return do()
  File "/home/seo_k/PP/kindergarten/env/lib/python3.10/site-packages/redis/client.py", line 1519, in <lambda>
    lambda: command(*args, **kwargs),
  File "/home/seo_k/PP/kindergarten/env/lib/python3.10/site-packages/redis/client.py", line 1536, in try_read
    if not conn.can_read(timeout=timeout):
  File "/home/seo_k/PP/kindergarten/env/lib/python3.10/site-packages/redis/connection.py", line 861, in can_read
    return self._parser.can_read(timeout)
  File "/home/seo_k/PP/kindergarten/env/lib/python3.10/site-packages/redis/connection.py", line 444, in can_read
    return self.read_from_socket(timeout=timeout, raise_on_timeout=False)
  File "/home/seo_k/PP/kindergarten/env/lib/python3.10/site-packages/redis/connection.py", line 455, in read_from_socket
    raise ConnectionError(SERVER_CLOSED_CONNECTION_ERROR)
redis.exceptions.ConnectionError: Connection closed by server.
Traceback (most recent call last):
  File "/home/seo_k/PP/kindergarten/env/lib/python3.10/site-packages/redis/connection.py", line 699, in connect
    sock = self.retry.call_with_retry(
  File "/home/seo_k/PP/kindergarten/env/lib/python3.10/site-packages/redis/retry.py", line 46, in call_with_retry
    return do()
  File "/home/seo_k/PP/kindergarten/env/lib/python3.10/site-packages/redis/connection.py", line 700, in <lambda>
    lambda: self._connect(), lambda error: self.disconnect(error)
  File "/home/seo_k/PP/kindergarten/env/lib/python3.10/site-packages/redis/connection.py", line 1002, in _connect
    raise err
  File "/home/seo_k/PP/kindergarten/env/lib/python3.10/site-packages/redis/connection.py", line 990, in _connect
    sock.connect(socket_address)
ConnectionRefusedError: [Errno 111] Connection refused

During handling of the above exception, another exception occurred:

Traceback (most recent call last):
  File "/usr/lib/python3.10/runpy.py", line 196, in _run_module_as_main
    return _run_code(code, main_globals, None,
  File "/usr/lib/python3.10/runpy.py", line 86, in _run_code
    exec(code, run_globals)
  File "/home/seo_k/PP/kindergarten/apps/frappe/frappe/utils/bench_helper.py", line 114, in <module>
    main()
  File "/home/seo_k/PP/kindergarten/apps/frappe/frappe/utils/bench_helper.py", line 20, in main
    click.Group(commands=commands)(prog_name="bench")
  File "/home/seo_k/PP/kindergarten/env/lib/python3.10/site-packages/click/core.py", line 1442, in __call__
    return self.main(*args, **kwargs)
  File "/home/seo_k/PP/kindergarten/env/lib/python3.10/site-packages/click/core.py", line 1363, in main
    rv = self.invoke(ctx)
  File "/home/seo_k/PP/kindergarten/env/lib/python3.10/site-packages/click/core.py", line 1830, in invoke
    return _process_result(sub_ctx.command.invoke(sub_ctx))
  File "/home/seo_k/PP/kindergarten/env/lib/python3.10/site-packages/click/core.py", line 1830, in invoke
    return _process_result(sub_ctx.command.invoke(sub_ctx))
  File "/home/seo_k/PP/kindergarten/env/lib/python3.10/site-packages/click/core.py", line 1226, in invoke
    return ctx.invoke(self.callback, **ctx.params)
  File "/home/seo_k/PP/kindergarten/env/lib/python3.10/site-packages/click/core.py", line 794, in invoke
    return callback(*args, **kwargs)
  File "/home/seo_k/PP/kindergarten/apps/frappe/frappe/commands/scheduler.py", line 205, in start_worker
    start_worker(
  File "/home/seo_k/PP/kindergarten/apps/frappe/frappe/utils/background_jobs.py", line 321, in start_worker
    worker.work(
  File "/home/seo_k/PP/kindergarten/env/lib/python3.10/site-packages/rq/worker.py", line 456, in work
    self.teardown()
  File "/home/seo_k/PP/kindergarten/env/lib/python3.10/site-packages/rq/worker.py", line 1047, in teardown
    self.unsubscribe()
  File "/home/seo_k/PP/kindergarten/env/lib/python3.10/site-packages/rq/worker.py", line 624, in unsubscribe
    self.pubsub.unsubscribe()
  File "/home/seo_k/PP/kindergarten/env/lib/python3.10/site-packages/redis/client.py", line 1659, in unsubscribe
    return self.execute_command("UNSUBSCRIBE", *args)
  File "/home/seo_k/PP/kindergarten/env/lib/python3.10/site-packages/redis/client.py", line 1479, in execute_command
    self._execute(connection, connection.send_command, *args, **kwargs)
  File "/home/seo_k/PP/kindergarten/env/lib/python3.10/site-packages/redis/client.py", line 1518, in _execute
    return conn.retry.call_with_retry(
  File "/home/seo_k/PP/kindergarten/env/lib/python3.10/site-packages/redis/retry.py", line 49, in call_with_retry
    fail(error)
  File "/home/seo_k/PP/kindergarten/env/lib/python3.10/site-packages/redis/client.py", line 1520, in <lambda>
    lambda error: self._disconnect_raise_connect(conn, error),
  File "/home/seo_k/PP/kindergarten/env/lib/python3.10/site-packages/redis/client.py", line 1507, in _disconnect_raise_connect
    raise error
  File "/home/seo_k/PP/kindergarten/env/lib/python3.10/site-packages/redis/retry.py", line 46, in call_with_retry
    return do()
  File "/home/seo_k/PP/kindergarten/env/lib/python3.10/site-packages/redis/client.py", line 1519, in <lambda>
    lambda: command(*args, **kwargs),
  File "/home/seo_k/PP/kindergarten/env/lib/python3.10/site-packages/redis/connection.py", line 847, in send_command
    self.send_packed_command(
  File "/home/seo_k/PP/kindergarten/env/lib/python3.10/site-packages/redis/connection.py", line 817, in send_packed_command
    self.connect()
  File "/home/seo_k/PP/kindergarten/env/lib/python3.10/site-packages/redis/connection.py", line 705, in connect
    raise ConnectionError(self._error_message(e))
redis.exceptions.ConnectionError: Error 111 connecting to 127.0.0.1:11000. Connection refused.
/home/seo_k/PP/kindergarten/env/lib/python3.10/site-packages/rq/connections.py:58: DeprecationWarning: The `push_connection` function is deprecated. Pass the `connection` explicitly instead.
  warnings.warn(
/home/seo_k/PP/kindergarten/env/lib/python3.10/site-packages/rq/connections.py:72: DeprecationWarning: The `pop_connection` function is deprecated. Pass the `connection` explicitly instead.
  warnings.warn(
/home/seo_k/PP/kindergarten/env/lib/python3.10/site-packages/rq/connections.py:58: DeprecationWarning: The `push_connection` function is deprecated. Pass the `connection` explicitly instead.
  warnings.warn(
/home/seo_k/PP/kindergarten/env/lib/python3.10/site-packages/rq/connections.py:72: DeprecationWarning: The `pop_connection` function is deprecated. Pass the `connection` explicitly instead.
  warnings.warn(
/home/seo_k/PP/kindergarten/env/lib/python3.10/site-packages/rq/connections.py:58: DeprecationWarning: The `push_connection` function is deprecated. Pass the `connection` explicitly instead.
  warnings.warn(
/home/seo_k/PP/kindergarten/env/lib/python3.10/site-packages/rq/connections.py:72: DeprecationWarning: The `pop_connection` function is deprecated. Pass the `connection` explicitly instead.
  warnings.warn(
/home/seo_k/PP/kindergarten/env/lib/python3.10/site-packages/rq/connections.py:58: DeprecationWarning: The `push_connection` function is deprecated. Pass the `connection` explicitly instead.
  warnings.warn(
/home/seo_k/PP/kindergarten/env/lib/python3.10/site-packages/rq/connections.py:72: DeprecationWarning: The `pop_connection` function is deprecated. Pass the `connection` explicitly instead.
  warnings.warn(
/home/seo_k/PP/kindergarten/env/lib/python3.10/site-packages/rq/connections.py:58: DeprecationWarning: The `push_connection` function is deprecated. Pass the `connection` explicitly instead.
  warnings.warn(
/home/seo_k/PP/kindergarten/env/lib/python3.10/site-packages/rq/connections.py:72: DeprecationWarning: The `pop_connection` function is deprecated. Pass the `connection` explicitly instead.
  warnings.warn(
/home/seo_k/PP/kindergarten/env/lib/python3.10/site-packages/rq/connections.py:58: DeprecationWarning: The `push_connection` function is deprecated. Pass the `connection` explicitly instead.
  warnings.warn(
/home/seo_k/PP/kindergarten/env/lib/python3.10/site-packages/rq/connections.py:72: DeprecationWarning: The `pop_connection` function is deprecated. Pass the `connection` explicitly instead.
  warnings.warn(
/home/seo_k/PP/kindergarten/env/lib/python3.10/site-packages/rq/connections.py:58: DeprecationWarning: The `push_connection` function is deprecated. Pass the `connection` explicitly instead.
  warnings.warn(
/home/seo_k/PP/kindergarten/env/lib/python3.10/site-packages/rq/connections.py:72: DeprecationWarning: The `pop_connection` function is deprecated. Pass the `connection` explicitly instead.
  warnings.warn(
/home/seo_k/PP/kindergarten/env/lib/python3.10/site-packages/rq/connections.py:58: DeprecationWarning: The `push_connection` function is deprecated. Pass the `connection` explicitly instead.
  warnings.warn(
/home/seo_k/PP/kindergarten/env/lib/python3.10/site-packages/rq/connections.py:72: DeprecationWarning: The `pop_connection` function is deprecated. Pass the `connection` explicitly instead.
  warnings.warn(
/home/seo_k/PP/kindergarten/env/lib/python3.10/site-packages/rq/connections.py:58: DeprecationWarning: The `push_connection` function is deprecated. Pass the `connection` explicitly instead.
  warnings.warn(
/home/seo_k/PP/kindergarten/env/lib/python3.10/site-packages/rq/connections.py:72: DeprecationWarning: The `pop_connection` function is deprecated. Pass the `connection` explicitly instead.
  warnings.warn(
/home/seo_k/PP/kindergarten/env/lib/python3.10/site-packages/rq/connections.py:58: DeprecationWarning: The `push_connection` function is deprecated. Pass the `connection` explicitly instead.
  warnings.warn(
/home/seo_k/PP/kindergarten/env/lib/python3.10/site-packages/rq/connections.py:72: DeprecationWarning: The `pop_connection` function is deprecated. Pass the `connection` explicitly instead.
  warnings.warn(
/home/seo_k/PP/kindergarten/env/lib/python3.10/site-packages/rq/connections.py:58: DeprecationWarning: The `push_connection` function is deprecated. Pass the `connection` explicitly instead.
  warnings.warn(
2025-12-29 17:27:44,555 [Job kindergarten.localhost::4064bf81-2ecf-4712-a2aa-6860d274aad6]: exception raised while executing (frappe.utils.background_jobs.execute_job)
Traceback (most recent call last):
  File "/home/seo_k/PP/kindergarten/apps/frappe/frappe/modules/utils.py", line 261, in load_doctype_module
    doctype_python_modules[key] = frappe.get_module(module_name)
  File "/home/seo_k/PP/kindergarten/apps/frappe/frappe/__init__.py", line 1454, in get_module
    return importlib.import_module(modulename)
  File "/usr/lib/python3.10/importlib/__init__.py", line 126, in import_module
    return _bootstrap._gcd_import(name[level:], package, level)
  File "<frozen importlib._bootstrap>", line 1050, in _gcd_import
  File "<frozen importlib._bootstrap>", line 1027, in _find_and_load
  File "<frozen importlib._bootstrap>", line 992, in _find_and_load_unlocked
  File "<frozen importlib._bootstrap>", line 241, in _call_with_frames_removed
  File "<frozen importlib._bootstrap>", line 1050, in _gcd_import
  File "<frozen importlib._bootstrap>", line 1027, in _find_and_load
  File "<frozen importlib._bootstrap>", line 1004, in _find_and_load_unlocked
ModuleNotFoundError: No module named 'erpnext.setup.doctype.kindergarten_education'

The above exception was the direct cause of the following exception:

Traceback (most recent call last):
  File "/home/seo_k/PP/kindergarten/apps/frappe/frappe/model/document.py", line 1718, in execute_action
    getattr(doc, __action)(**kwargs)
  File "/home/seo_k/PP/kindergarten/apps/frappe/frappe/model/document.py", line 1091, in _rename
    self.name = rename_doc(doc=self, new=name, merge=merge, force=force, validate=validate_rename)
  File "/home/seo_k/PP/kindergarten/apps/frappe/frappe/model/rename_doc.py", line 191, in rename_doc
    rename_doctype(doctype, old, new)
  File "/home/seo_k/PP/kindergarten/apps/frappe/frappe/model/rename_doc.py", line 407, in rename_doctype
    update_options_for_fieldtype(fieldtype, old, new)
  File "/home/seo_k/PP/kindergarten/apps/frappe/frappe/model/rename_doc.py", line 530, in update_options_for_fieldtype
    doctype.save()
  File "/home/seo_k/PP/kindergarten/apps/frappe/frappe/model/document.py", line 378, in save
    return self._save(*args, **kwargs)
  File "/home/seo_k/PP/kindergarten/apps/frappe/frappe/model/document.py", line 431, in _save
    self.run_post_save_methods()
  File "/home/seo_k/PP/kindergarten/apps/frappe/frappe/model/document.py", line 1177, in run_post_save_methods
    self.run_method("on_update")
  File "/home/seo_k/PP/kindergarten/apps/frappe/frappe/model/document.py", line 1011, in run_method
    out = Document.hook(fn)(self, *args, **kwargs)
  File "/home/seo_k/PP/kindergarten/apps/frappe/frappe/model/document.py", line 1371, in composer
    return composed(self, method, *args, **kwargs)
  File "/home/seo_k/PP/kindergarten/apps/frappe/frappe/model/document.py", line 1353, in runner
    add_to_return_value(self, fn(self, *args, **kwargs))
  File "/home/seo_k/PP/kindergarten/apps/frappe/frappe/model/document.py", line 1008, in fn
    return method_object(*args, **kwargs)
  File "/home/seo_k/PP/kindergarten/apps/frappe/frappe/core/doctype/doctype/doctype.py", line 532, in on_update
    self.export_types_to_controller()
  File "/home/seo_k/PP/kindergarten/apps/frappe/frappe/core/doctype/doctype/doctype.py", line 866, in export_types_to_controller
    TypeExporter(self).export_types()
  File "/home/seo_k/PP/kindergarten/apps/frappe/frappe/types/exporter.py", line 66, in export_types
    new_code = self._generate_code()
  File "/home/seo_k/PP/kindergarten/apps/frappe/frappe/types/exporter.py", line 96, in _generate_code
    if python_type := self._map_fieldtype(field):
  File "/home/seo_k/PP/kindergarten/apps/frappe/frappe/types/exporter.py", line 153, in _map_fieldtype
    if parameter_definition := self._generic_parameters(field):
  File "/home/seo_k/PP/kindergarten/apps/frappe/frappe/types/exporter.py", line 176, in _generic_parameters
    import_statment, cls_name = self._get_doctype_imports(doctype)
  File "/home/seo_k/PP/kindergarten/apps/frappe/frappe/types/exporter.py", line 135, in _get_doctype_imports
    doctype_module = get_controller(doctype)
  File "/home/seo_k/PP/kindergarten/apps/frappe/frappe/model/base_document.py", line 67, in get_controller
    return import_controller(doctype)
  File "/home/seo_k/PP/kindergarten/apps/frappe/frappe/model/base_document.py", line 96, in import_controller
    module = load_doctype_module(doctype, module_name)
  File "/home/seo_k/PP/kindergarten/apps/frappe/frappe/modules/utils.py", line 265, in load_doctype_module
    raise ImportError(msg) from e
ImportError: Module import failed for KinderGarten Education, the DocType you're trying to open might be deleted.
Error: No module named 'erpnext.setup.doctype.kindergarten_education'

During handling of the above exception, another exception occurred:

Traceback (most recent call last):
  File "/home/seo_k/PP/kindergarten/env/lib/python3.10/site-packages/rq/worker.py", line 1428, in perform_job
    rv = job.perform()
  File "/home/seo_k/PP/kindergarten/env/lib/python3.10/site-packages/rq/job.py", line 1278, in perform
    self._result = self._execute()
  File "/home/seo_k/PP/kindergarten/env/lib/python3.10/site-packages/rq/job.py", line 1315, in _execute
    result = self.func(*self.args, **self.kwargs)
  File "/home/seo_k/PP/kindergarten/apps/frappe/frappe/utils/background_jobs.py", line 225, in execute_job
    retval = method(**kwargs)
  File "/home/seo_k/PP/kindergarten/apps/frappe/frappe/model/document.py", line 1728, in execute_action
    doc.add_comment("Comment", _("Action Failed") + "<br><br>" + msg)
  File "/home/seo_k/PP/kindergarten/apps/frappe/frappe/utils/typing_validations.py", line 32, in wrapper
    return func(*args, **kwargs)
  File "/home/seo_k/PP/kindergarten/apps/frappe/frappe/model/document.py", line 1461, in add_comment
    return frappe.get_doc(
  File "/home/seo_k/PP/kindergarten/apps/frappe/frappe/model/document.py", line 301, in insert
    self._validate_links()
  File "/home/seo_k/PP/kindergarten/apps/frappe/frappe/model/document.py", line 979, in _validate_links
    frappe.throw(_("Could not find {0}").format(msg), frappe.LinkValidationError)
  File "/home/seo_k/PP/kindergarten/apps/frappe/frappe/__init__.py", line 609, in throw
    msgprint(
  File "/home/seo_k/PP/kindergarten/apps/frappe/frappe/__init__.py", line 574, in msgprint
    _raise_exception()
  File "/home/seo_k/PP/kindergarten/apps/frappe/frappe/__init__.py", line 525, in _raise_exception
    raise exc
frappe.exceptions.LinkValidationError: Could not find Reference Name: Employee Education

/home/seo_k/PP/kindergarten/env/lib/python3.10/site-packages/rq/connections.py:72: DeprecationWarning: The `pop_connection` function is deprecated. Pass the `connection` explicitly instead.
  warnings.warn(
/home/seo_k/PP/kindergarten/env/lib/python3.10/site-packages/rq/connections.py:58: DeprecationWarning: The `push_connection` function is deprecated. Pass the `connection` explicitly instead.
  warnings.warn(
/home/seo_k/PP/kindergarten/env/lib/python3.10/site-packages/rq/connections.py:72: DeprecationWarning: The `pop_connection` function is deprecated. Pass the `connection` explicitly instead.
  warnings.warn(
/home/seo_k/PP/kindergarten/env/lib/python3.10/site-packages/rq/connections.py:58: DeprecationWarning: The `push_connection` function is deprecated. Pass the `connection` explicitly instead.
  warnings.warn(
/home/seo_k/PP/kindergarten/env/lib/python3.10/site-packages/rq/connections.py:72: DeprecationWarning: The `pop_connection` function is deprecated. Pass the `connection` explicitly instead.
  warnings.warn(
/home/seo_k/PP/kindergarten/env/lib/python3.10/site-packages/rq/connections.py:58: DeprecationWarning: The `push_connection` function is deprecated. Pass the `connection` explicitly instead.
  warnings.warn(
/home/seo_k/PP/kindergarten/env/lib/python3.10/site-packages/rq/connections.py:72: DeprecationWarning: The `pop_connection` function is deprecated. Pass the `connection` explicitly instead.
  warnings.warn(
